<?xml version="1.0" encoding="UTF-8"?>
<testng-results skipped="1" failed="0" ignored="0" total="1" passed="0">
  <reporter-output>
  </reporter-output>
  <suite name="Default suite" duration-ms="132" started-at="2020-12-06T09:51:02 CST" finished-at="2020-12-06T09:51:02 CST">
    <groups>
    </groups>
    <test name="Default test" duration-ms="132" started-at="2020-12-06T09:51:02 CST" finished-at="2020-12-06T09:51:02 CST">
      <class name="com.webtest.demo.Add2">
        <test-method status="FAIL" signature="doBeforeClass()[pri:0, instance:com.webtest.demo.Add2@78e22d35]" name="doBeforeClass" is-config="true" duration-ms="67" started-at="2020-12-06T09:51:02 CST" finished-at="2020-12-06T09:51:02 CST">
          <exception class="java.lang.IllegalStateException">
            <message>
              <![CDATA[Specified firefox binary location does not exist or is not a real file: C:\Program Files\Mozilla Firefox\firefox.exe]]>
            </message>
            <full-stacktrace>
              <![CDATA[java.lang.IllegalStateException: Specified firefox binary location does not exist or is not a real file: C:\Program Files\Mozilla Firefox\firefox.exe
at com.google.common.base.Preconditions.checkState(Preconditions.java:504)
at org.openqa.selenium.firefox.Executable.<init>(Executable.java:43)
at org.openqa.selenium.firefox.FirefoxBinary.<init>(FirefoxBinary.java:123)
at org.openqa.selenium.firefox.FirefoxOptions$Binary.asBinary(FirefoxOptions.java:420)
at java.util.Optional.map(Unknown Source)
at org.openqa.selenium.firefox.FirefoxOptions.getBinaryOrNull(FirefoxOptions.java:220)
at org.openqa.selenium.firefox.FirefoxOptions.getBinary(FirefoxOptions.java:216)
at org.openqa.selenium.firefox.FirefoxDriver.toExecutor(FirefoxDriver.java:187)
at org.openqa.selenium.firefox.FirefoxDriver.<init>(FirefoxDriver.java:147)
at org.openqa.selenium.firefox.FirefoxDriver.<init>(FirefoxDriver.java:125)
at com.webtest.demo1.Base1.newWebDriver(Base1.java:50)
at com.webtest.demo1.Base1.doBeforeClass(Base1.java:81)
at sun.reflect.NativeMethodAccessorImpl.invoke0(Native Method)
at sun.reflect.NativeMethodAccessorImpl.invoke(Unknown Source)
at sun.reflect.DelegatingMethodAccessorImpl.invoke(Unknown Source)
at java.lang.reflect.Method.invoke(Unknown Source)
at org.testng.internal.MethodInvocationHelper.invokeMethod(MethodInvocationHelper.java:134)
at org.testng.internal.MethodInvocationHelper.invokeMethodConsideringTimeout(MethodInvocationHelper.java:63)
at org.testng.internal.ConfigInvoker.invokeConfigurationMethod(ConfigInvoker.java:348)
at org.testng.internal.ConfigInvoker.invokeConfigurations(ConfigInvoker.java:302)
at org.testng.internal.TestMethodWorker.invokeBeforeClassMethods(TestMethodWorker.java:176)
at org.testng.internal.TestMethodWorker.run(TestMethodWorker.java:122)
at java.util.ArrayList.forEach(Unknown Source)
at org.testng.TestRunner.privateRun(TestRunner.java:766)
at org.testng.TestRunner.run(TestRunner.java:587)
at org.testng.SuiteRunner.runTest(SuiteRunner.java:384)
at org.testng.SuiteRunner.runSequentially(SuiteRunner.java:378)
at org.testng.SuiteRunner.privateRun(SuiteRunner.java:337)
at org.testng.SuiteRunner.run(SuiteRunner.java:286)
at org.testng.SuiteRunnerWorker.runSuite(SuiteRunnerWorker.java:53)
at org.testng.SuiteRunnerWorker.run(SuiteRunnerWorker.java:96)
at org.testng.TestNG.runSuitesSequentially(TestNG.java:1187)
at org.testng.TestNG.runSuitesLocally(TestNG.java:1109)
at org.testng.TestNG.runSuites(TestNG.java:1039)
at org.testng.TestNG.run(TestNG.java:1007)
at org.testng.remote.AbstractRemoteTestNG.run(AbstractRemoteTestNG.java:115)
at org.testng.remote.RemoteTestNG.initAndRun(RemoteTestNG.java:251)
at org.testng.remote.RemoteTestNG.main(RemoteTestNG.java:77)
]]>
            </full-stacktrace>
          </exception> <!-- java.lang.IllegalStateException -->
          <reporter-output>
          </reporter-output>
        </test-method> <!-- doBeforeClass -->
        <test-method status="SKIP" signature="testAddPictures()[pri:0, instance:com.webtest.demo.Add2@78e22d35]" name="testAddPictures" duration-ms="0" started-at="2020-12-06T09:51:02 CST" finished-at="2020-12-06T09:51:02 CST">
          <exception class="java.lang.IllegalStateException">
            <message>
              <![CDATA[Specified firefox binary location does not exist or is not a real file: C:\Program Files\Mozilla Firefox\firefox.exe]]>
            </message>
            <full-stacktrace>
              <![CDATA[java.lang.IllegalStateException: Specified firefox binary location does not exist or is not a real file: C:\Program Files\Mozilla Firefox\firefox.exe
at com.google.common.base.Preconditions.checkState(Preconditions.java:504)
at org.openqa.selenium.firefox.Executable.<init>(Executable.java:43)
at org.openqa.selenium.firefox.FirefoxBinary.<init>(FirefoxBinary.java:123)
at org.openqa.selenium.firefox.FirefoxOptions$Binary.asBinary(FirefoxOptions.java:420)
at java.util.Optional.map(Unknown Source)
at org.openqa.selenium.firefox.FirefoxOptions.getBinaryOrNull(FirefoxOptions.java:220)
at org.openqa.selenium.firefox.FirefoxOptions.getBinary(FirefoxOptions.java:216)
at org.openqa.selenium.firefox.FirefoxDriver.toExecutor(FirefoxDriver.java:187)
at org.openqa.selenium.firefox.FirefoxDriver.<init>(FirefoxDriver.java:147)
at org.openqa.selenium.firefox.FirefoxDriver.<init>(FirefoxDriver.java:125)
at com.webtest.demo1.Base1.newWebDriver(Base1.java:50)
at com.webtest.demo1.Base1.doBeforeClass(Base1.java:81)
at sun.reflect.NativeMethodAccessorImpl.invoke0(Native Method)
at sun.reflect.NativeMethodAccessorImpl.invoke(Unknown Source)
at sun.reflect.DelegatingMethodAccessorImpl.invoke(Unknown Source)
at java.lang.reflect.Method.invoke(Unknown Source)
at org.testng.internal.MethodInvocationHelper.invokeMethod(MethodInvocationHelper.java:134)
at org.testng.internal.MethodInvocationHelper.invokeMethodConsideringTimeout(MethodInvocationHelper.java:63)
at org.testng.internal.ConfigInvoker.invokeConfigurationMethod(ConfigInvoker.java:348)
at org.testng.internal.ConfigInvoker.invokeConfigurations(ConfigInvoker.java:302)
at org.testng.internal.TestMethodWorker.invokeBeforeClassMethods(TestMethodWorker.java:176)
at org.testng.internal.TestMethodWorker.run(TestMethodWorker.java:122)
at java.util.ArrayList.forEach(Unknown Source)
at org.testng.TestRunner.privateRun(TestRunner.java:766)
at org.testng.TestRunner.run(TestRunner.java:587)
at org.testng.SuiteRunner.runTest(SuiteRunner.java:384)
at org.testng.SuiteRunner.runSequentially(SuiteRunner.java:378)
at org.testng.SuiteRunner.privateRun(SuiteRunner.java:337)
at org.testng.SuiteRunner.run(SuiteRunner.java:286)
at org.testng.SuiteRunnerWorker.runSuite(SuiteRunnerWorker.java:53)
at org.testng.SuiteRunnerWorker.run(SuiteRunnerWorker.java:96)
at org.testng.TestNG.runSuitesSequentially(TestNG.java:1187)
at org.testng.TestNG.runSuitesLocally(TestNG.java:1109)
at org.testng.TestNG.runSuites(TestNG.java:1039)
at org.testng.TestNG.run(TestNG.java:1007)
at org.testng.remote.AbstractRemoteTestNG.run(AbstractRemoteTestNG.java:115)
at org.testng.remote.RemoteTestNG.initAndRun(RemoteTestNG.java:251)
at org.testng.remote.RemoteTestNG.main(RemoteTestNG.java:77)
]]>
            </full-stacktrace>
          </exception> <!-- java.lang.IllegalStateException -->
          <reporter-output>
          </reporter-output>
        </test-method> <!-- testAddPictures -->
        <test-method status="SKIP" signature="doAfterMethod()[pri:0, instance:com.webtest.demo.Add2@78e22d35]" name="doAfterMethod" is-config="true" duration-ms="-1607219462458" started-at="2020-12-06T09:51:02 CST" finished-at="1970-01-01T08:00:00 CST">
          <reporter-output>
          </reporter-output>
        </test-method> <!-- doAfterMethod -->
      </class> <!-- com.webtest.demo.Add2 -->
    </test> <!-- Default test -->
  </suite> <!-- Default suite -->
</testng-results>
